<?xml version="1.0" encoding="UTF-8"?>
<!-- Generated by org.testng.reporters.JUnitReportReporter -->
<testsuite hostname="Sandeep" failures="0" tests="2" name="www.NopeCommerceTestCases.com.Login" time="49.997" errors="0" timestamp="2024-02-23T22:52:25 IST" skipped="0">
  <testcase classname="www.NopeCommerceTestCases.com.Login" name="PosTestlog" time="38.260"/>
  <testcase classname="www.NopeCommerceTestCases.com.Login" name="NegTestlog" time="11.737"/>
</testsuite> <!-- www.NopeCommerceTestCases.com.Login -->
